<?xml version="1.0" encoding="UTF-8"?>
<testsuite xmlns:xsi="http://www.w3.org/2001/XMLSchema-instance" xsi:noNamespaceSchemaLocation="https://maven.apache.org/surefire/maven-surefire-plugin/xsd/surefire-test-report.xsd" name="br.com.jaemilton.quartz_cron_generator.AppTest" time="1.532" tests="14" errors="1" skipped="0" failures="4">
  <properties>
    <property name="java.specification.version" value="14"/>
    <property name="sun.cpu.isalist" value="amd64"/>
    <property name="sun.jnu.encoding" value="Cp1252"/>
    <property name="java.class.path" value="c:\Users\jaemi\git\quartz-cron-generator\target\test-classes;c:\Users\jaemi\git\quartz-cron-generator\target\classes;C:\Users\jaemi\.m2\repository\junit\junit\4.11\junit-4.11.jar;C:\Users\jaemi\.m2\repository\org\hamcrest\hamcrest-core\1.3\hamcrest-core-1.3.jar;"/>
    <property name="java.vm.vendor" value="Oracle Corporation"/>
    <property name="sun.arch.data.model" value="64"/>
    <property name="user.variant" value=""/>
    <property name="java.vendor.url" value="https://openjdk.java.net/"/>
    <property name="user.timezone" value="America/Sao_Paulo"/>
    <property name="user.country.format" value="BR"/>
    <property name="os.name" value="Windows 10"/>
    <property name="java.vm.specification.version" value="14"/>
    <property name="sun.java.launcher" value="SUN_STANDARD"/>
    <property name="user.country" value="US"/>
    <property name="sun.boot.library.path" value="C:\Program Files\RedHat\java-14-openjdk-14.0.1-1\bin"/>
    <property name="sun.java.command" value="C:\Users\jaemi\AppData\Local\Temp\surefire12954051149936271612\surefirebooter17365822790770611852.jar C:\Users\jaemi\AppData\Local\Temp\surefire12954051149936271612 2020-12-04T19-52-50_840-jvmRun1 surefire1636212034345925675tmp surefire_07870475797263321956tmp"/>
    <property name="jdk.debug" value="release"/>
    <property name="surefire.test.class.path" value="c:\Users\jaemi\git\quartz-cron-generator\target\test-classes;c:\Users\jaemi\git\quartz-cron-generator\target\classes;C:\Users\jaemi\.m2\repository\junit\junit\4.11\junit-4.11.jar;C:\Users\jaemi\.m2\repository\org\hamcrest\hamcrest-core\1.3\hamcrest-core-1.3.jar;"/>
    <property name="sun.cpu.endian" value="little"/>
    <property name="user.home" value="C:\Users\jaemi"/>
    <property name="user.language" value="en"/>
    <property name="java.specification.vendor" value="Oracle Corporation"/>
    <property name="java.version.date" value="2020-04-14"/>
    <property name="java.home" value="C:\Program Files\RedHat\java-14-openjdk-14.0.1-1"/>
    <property name="file.separator" value="\"/>
    <property name="basedir" value="c:\Users\jaemi\git\quartz-cron-generator"/>
    <property name="java.vm.compressedOopsMode" value="32-bit"/>
    <property name="line.separator" value="&#10;"/>
    <property name="java.vm.specification.vendor" value="Oracle Corporation"/>
    <property name="java.specification.name" value="Java Platform API Specification"/>
    <property name="surefire.real.class.path" value="C:\Users\jaemi\AppData\Local\Temp\surefire12954051149936271612\surefirebooter17365822790770611852.jar"/>
    <property name="user.script" value=""/>
    <property name="sun.management.compiler" value="HotSpot 64-Bit Tiered Compilers"/>
    <property name="java.runtime.version" value="14.0.1+7"/>
    <property name="user.name" value="jaemi"/>
    <property name="path.separator" value=";"/>
    <property name="os.version" value="10.0"/>
    <property name="java.runtime.name" value="OpenJDK Runtime Environment"/>
    <property name="file.encoding" value="Cp1252"/>
    <property name="java.vm.name" value="OpenJDK 64-Bit Server VM"/>
    <property name="java.vendor.version" value="20.3"/>
    <property name="localRepository" value="C:\Users\jaemi\.m2\repository"/>
    <property name="java.vendor.url.bug" value="https://bugreport.java.com/bugreport/"/>
    <property name="java.io.tmpdir" value="C:\Users\jaemi\AppData\Local\Temp\"/>
    <property name="java.version" value="14.0.1"/>
    <property name="user.dir" value="c:\Users\jaemi\git\quartz-cron-generator"/>
    <property name="os.arch" value="amd64"/>
    <property name="java.vm.specification.name" value="Java Virtual Machine Specification"/>
    <property name="user.language.format" value="pt"/>
    <property name="sun.os.patch.level" value=""/>
    <property name="java.library.path" value="C:\Program Files\RedHat\java-14-openjdk-14.0.1-1\bin;C:\WINDOWS\Sun\Java\bin;C:\WINDOWS\system32;C:\WINDOWS;C:\Python38\Scripts\;C:\Python38\;C:\Program Files\Microsoft MPI\Bin\;C:\WINDOWS\system32;C:\WINDOWS;C:\WINDOWS\System32\Wbem;C:\WINDOWS\System32\WindowsPowerShell\v1.0\;C:\WINDOWS\System32\OpenSSH\;C:\Program Files\Git\cmd;C:\Program Files\PuTTY\;C:\Program Files\dotnet\;C:\Program Files\Microsoft SQL Server\130\Tools\Binn\;C:\Program Files\Microsoft SQL Server\Client SDK\ODBC\170\Tools\Binn\;C:\Program Files (x86)\Microsoft SQL Server\150\DTS\Binn\;C:\Program Files (x86)\Git\cmd;C:\Windows\PSTools;C:\Program Files\RedHat\java-11-openjdk-11.0.7-1\missioncontrol\;C:\Program Files\RedHat\java-11-openjdk-11.0.7-1\bin;C:\Program Files\RedHat\java-14-openjdk-14.0.1-1\missioncontrol\;C:\Program Files\RedHat\java-14-openjdk-14.0.1-1\bin;C:\Program Files\WireGuard\;C:\Program Files (x86)\Atmel\sam-ba_2.18\drv\;C:\Program Files (x86)\Atmel\sam-ba_2.18;C:\Users\jaemi\AppData\Local\Microsoft\WindowsApps;C:\Program Files (x86)\Atmel\Studio\7.0\toolchain\avr8\avr8-gnu-toolchain\bin;C:\Program Files (x86)\Atmel\Studio\7.0\shellutils;C:\Users\jaemi\AppData\Local\Programs\Microsoft VS Code\bin;C:\Program Files\OpenSSL-Win64\bin;C:\intelFPGA_lite\18.1\modelsim_ase\win32aloem;C:\Users\jaemi\.dotnet\tools;C:\Users\jaemi\AppData\Local\Microsoft\WindowsApps;C:\Program Files\Git\bin;C:\iperf-3.1.3-win64;C:\Program Files\JetBrains\IntelliJ IDEA 2019.2.3\bin;C:\Python37;C:\Python37\Scripts;C:\Program Files (x86)\mitmproxy\bin;C:\Users\jaemi\AppData\Local\Programs\Fiddler;C:\Users\jaemi\.dotnet\tools;C:\Tools\apache-maven-3.6.3\bin;;."/>
    <property name="java.vm.info" value="mixed mode, sharing"/>
    <property name="java.vendor" value="N/A"/>
    <property name="java.vm.version" value="14.0.1+7"/>
    <property name="sun.io.unicode.encoding" value="UnicodeLittle"/>
    <property name="java.class.version" value="58.0"/>
  </properties>
  <testcase name="testMothsRepresentation" classname="br.com.jaemilton.quartz_cron_generator.AppTest" time="0.002">
    <failure message="expected:&lt;[DEC,JUL]&gt; but was:&lt;[JUL,DEC]&gt;" type="org.junit.ComparisonFailure"><![CDATA[org.junit.ComparisonFailure: expected:<[DEC,JUL]> but was:<[JUL,DEC]>
	at br.com.jaemilton.quartz_cron_generator.AppTest.testMothsRepresentation(AppTest.java:134)
]]></failure>
  </testcase>
  <testcase name="testEverySpecificWeekDayAt" classname="br.com.jaemilton.quartz_cron_generator.AppTest" time="0">
    <failure message="expected:&lt;0 22 22 ? * S[AT,SUN] *&gt; but was:&lt;0 22 22 ? * S[UN,SAT] *&gt;" type="org.junit.ComparisonFailure"><![CDATA[org.junit.ComparisonFailure: expected:<0 22 22 ? * S[AT,SUN] *> but was:<0 22 22 ? * S[UN,SAT] *>
	at br.com.jaemilton.quartz_cron_generator.AppTest.testEverySpecificWeekDayAt(AppTest.java:103)
]]></failure>
  </testcase>
  <testcase name="TestEverySpecificDayOfMonthAt" classname="br.com.jaemilton.quartz_cron_generator.AppTest" time="0">
    <error type="java.lang.NullPointerException">java.lang.NullPointerException
	at br.com.jaemilton.quartz_cron_generator.AppTest.TestEverySpecificDayOfMonthAt(AppTest.java:185)
</error>
  </testcase>
  <testcase name="testEverySpecificDayEveryNMonthAt" classname="br.com.jaemilton.quartz_cron_generator.AppTest" time="0"/>
  <testcase name="testEveryDayAt" classname="br.com.jaemilton.quartz_cron_generator.AppTest" time="0.001"/>
  <testcase name="testDaysOfWeekRepresentation" classname="br.com.jaemilton.quartz_cron_generator.AppTest" time="0">
    <failure message="expected:&lt;S[AT,SUN]&gt; but was:&lt;S[UN,SAT]&gt;" type="org.junit.ComparisonFailure"><![CDATA[org.junit.ComparisonFailure: expected:<S[AT,SUN]> but was:<S[UN,SAT]>
	at br.com.jaemilton.quartz_cron_generator.AppTest.testDaysOfWeekRepresentation(AppTest.java:119)
]]></failure>
  </testcase>
  <testcase name="testEveryNMinutes" classname="br.com.jaemilton.quartz_cron_generator.AppTest" time="0"/>
  <testcase name="testEveryNDaysAt" classname="br.com.jaemilton.quartz_cron_generator.AppTest" time="0"/>
  <testcase name="testEveryWeekDay" classname="br.com.jaemilton.quartz_cron_generator.AppTest" time="0.007"/>
  <testcase name="testEveryNSeconds" classname="br.com.jaemilton.quartz_cron_generator.AppTest" time="0"/>
  <testcase name="TestEverySpecificSeqWeekDayOfMonthAt" classname="br.com.jaemilton.quartz_cron_generator.AppTest" time="0">
    <failure message="expected:&lt;0 0 12 ? JAN [MON]#1 *&gt; but was:&lt;0 0 12 ? JAN [2]#1 *&gt;" type="org.junit.ComparisonFailure"><![CDATA[org.junit.ComparisonFailure: expected:<0 0 12 ? JAN [MON]#1 *> but was:<0 0 12 ? JAN [2]#1 *>
	at br.com.jaemilton.quartz_cron_generator.AppTest.TestEverySpecificSeqWeekDayOfMonthAt(AppTest.java:175)
]]></failure>
  </testcase>
  <testcase name="TestSpecificDateAt" classname="br.com.jaemilton.quartz_cron_generator.AppTest" time="0"/>
  <testcase name="testEverySpecificSeqWeekDayEveryNMonthAt" classname="br.com.jaemilton.quartz_cron_generator.AppTest" time="0"/>
  <testcase name="testEveryNHours" classname="br.com.jaemilton.quartz_cron_generator.AppTest" time="0.001"/>
</testsuite>